<?xml version="1.0" encoding="UTF-8"?>
<!-- Generated by org.testng.reporters.JUnitReportReporter -->
<testsuite hostname="Swapnas-MBP" failures="0" tests="2" name="LoginPageTest" time="6.929" errors="0" timestamp="2024-08-21T00:08:43 GMT-04:00" skipped="0">
  <testcase classname="LoginPageTest" name="doLogin" time="6.922"/>
  <testcase classname="LoginPageTest" name="doLogin" time="0.007"/>
</testsuite> <!-- LoginPageTest -->
